<?xml version="1.0" encoding="UTF-8"?>
<!-- Generated by org.testng.reporters.JUnitXMLReporter -->
<testsuite ignored="0" hostname="LAPTOP-B81G2UPP" failures="0" tests="2" name="Default test" time="37.63" errors="0" timestamp="06 Mar 2022 10:35:37 GMT">
  <testcase classname="com.aspire.test.ManufacturingFeature_Test" name="createManufaturing" time="17.039"/>
  <testcase classname="com.aspire.test.ManufacturingFeature_Test" name="createManufaturing" time="13.476"/>
</testsuite> <!-- Default test -->
