<?xml version="1.0" encoding="UTF-8"?>
<!-- Generated by org.testng.reporters.JUnitXMLReporter -->
<testsuite ignored="2" hostname="LAPTOP-B81G2UPP" failures="0" tests="8" name="Test" time="68.616" errors="0" timestamp="06 Mar 2022 11:07:00 GMT">
  <testcase classname="com.aspire.test.LoginFeature_Test" name="inValidLogin" time="1.099"/>
  <testcase classname="com.aspire.test.LoginFeature_Test" name="validLogin" time="6.092"/>
  <testcase classname="com.aspire.test.LoginFeature_Test" name="validLoginLogout" time="2.456"/>
  <testcase classname="com.aspire.test.ManufacturingFeature_Test" name="createManufaturing" time="14.366"/>
  <testcase classname="com.aspire.test.InventoryFeature_Test" name="createInventory" time="18.446"/>
  <testcase classname="com.aspire.test.InventoryFeature_Test" name="createInventory" time="11.726"/>
  <testcase classname="com.aspire.test.InventoryFeature_Test" name="createInventory" time="11.49"/>
  <testcase classname="com.aspire.test.InventoryFeature_Test" name="createInventory" time="20.87"/>
  <testcase classname="com.aspire.base.BaseTest" name="@BeforeSuite globalSetup" time="0.0">
    <ignored/>
  </testcase> <!-- @BeforeSuite globalSetup -->
  <testcase classname="com.aspire.base.BaseTest" name="@BeforeSuite globalSetup" time="0.0">
    <ignored/>
  </testcase> <!-- @BeforeSuite globalSetup -->
</testsuite> <!-- Test -->
