<?xml version="1.0" encoding="UTF-8"?>
<testng-results skipped="0" failed="0" ignored="2" total="10" passed="8">
  <reporter-output>
  </reporter-output>
  <suite name="Aspire_Automation_Suite" duration-ms="76299" started-at="2022-03-06T11:39:37Z" finished-at="2022-03-06T11:40:53Z">
    <groups>
    </groups>
    <test name="Test" duration-ms="76299" started-at="2022-03-06T11:39:37Z" finished-at="2022-03-06T11:40:53Z">
      <class name="com.aspire.test.InventoryFeature_Test">
        <test-method status="PASS" signature="initTest()[pri:0, instance:com.aspire.test.InventoryFeature_Test@1761df8]" name="initTest" is-config="true" duration-ms="4946" started-at="2022-03-06T11:39:37Z" finished-at="2022-03-06T11:39:42Z">
          <reporter-output>
          </reporter-output>
        </test-method> <!-- initTest -->
        <test-method status="PASS" signature="createInventory(java.lang.String, java.lang.String)[pri:0, instance:com.aspire.test.InventoryFeature_Test@1761df8]" name="createInventory" duration-ms="19385" started-at="2022-03-06T11:39:43Z" description="Test to Create Inventory with various Qunatity" data-provider="getInventoryData" finished-at="2022-03-06T11:40:02Z">
          <params>
            <param index="0">
              <value>
                <![CDATA[TestCheese1]]>
              </value>
            </param>
            <param index="1">
              <value>
                <![CDATA[0]]>
              </value>
            </param>
          </params>
          <reporter-output>
          </reporter-output>
        </test-method> <!-- createInventory -->
        <test-method status="PASS" signature="createInventory(java.lang.String, java.lang.String)[pri:0, instance:com.aspire.test.InventoryFeature_Test@1761df8]" name="createInventory" duration-ms="13182" started-at="2022-03-06T11:40:02Z" description="Test to Create Inventory with various Qunatity" data-provider="getInventoryData" finished-at="2022-03-06T11:40:16Z">
          <params>
            <param index="0">
              <value>
                <![CDATA[TestCheese2]]>
              </value>
            </param>
            <param index="1">
              <value>
                <![CDATA[10]]>
              </value>
            </param>
          </params>
          <reporter-output>
          </reporter-output>
        </test-method> <!-- createInventory -->
        <test-method status="PASS" signature="createInventory(java.lang.String, java.lang.String)[pri:0, instance:com.aspire.test.InventoryFeature_Test@1761df8]" name="createInventory" duration-ms="12978" started-at="2022-03-06T11:40:16Z" description="Test to Create Inventory with various Qunatity" data-provider="getInventoryData" finished-at="2022-03-06T11:40:29Z">
          <params>
            <param index="0">
              <value>
                <![CDATA[TestCheese3]]>
              </value>
            </param>
            <param index="1">
              <value>
                <![CDATA[-5]]>
              </value>
            </param>
          </params>
          <reporter-output>
          </reporter-output>
        </test-method> <!-- createInventory -->
        <test-method status="PASS" signature="createInventory(java.lang.String, java.lang.String)[pri:0, instance:com.aspire.test.InventoryFeature_Test@1761df8]" name="createInventory" duration-ms="22899" started-at="2022-03-06T11:40:29Z" description="Test to Create Inventory with various Qunatity" data-provider="getInventoryData" finished-at="2022-03-06T11:40:52Z">
          <params>
            <param index="0">
              <value>
                <![CDATA[TestCheese4]]>
              </value>
            </param>
            <param index="1">
              <value>
                <![CDATA[One]]>
              </value>
            </param>
          </params>
          <reporter-output>
          </reporter-output>
        </test-method> <!-- createInventory -->
        <test-method status="PASS" signature="tearDownTest()[pri:0, instance:com.aspire.test.InventoryFeature_Test@1761df8]" name="tearDownTest" is-config="true" duration-ms="672" started-at="2022-03-06T11:40:52Z" finished-at="2022-03-06T11:40:53Z">
          <reporter-output>
          </reporter-output>
        </test-method> <!-- tearDownTest -->
      </class> <!-- com.aspire.test.InventoryFeature_Test -->
      <class name="com.aspire.test.LoginFeature_Test">
        <test-method status="PASS" signature="globalSetup()[pri:0, instance:com.aspire.test.LoginFeature_Test@417213]" name="globalSetup" is-config="true" duration-ms="19" started-at="2022-03-06T11:39:37Z" finished-at="2022-03-06T11:39:37Z">
          <reporter-output>
          </reporter-output>
        </test-method> <!-- globalSetup -->
        <test-method status="PASS" signature="initTest()[pri:0, instance:com.aspire.test.LoginFeature_Test@417213]" name="initTest" is-config="true" duration-ms="4946" started-at="2022-03-06T11:39:37Z" finished-at="2022-03-06T11:39:42Z">
          <reporter-output>
          </reporter-output>
        </test-method> <!-- initTest -->
        <test-method status="PASS" signature="inValidLogin()[pri:0, instance:com.aspire.test.LoginFeature_Test@417213]" name="inValidLogin" duration-ms="1317" started-at="2022-03-06T11:39:42Z" description="Test to Validate login failure Sceanrio with invalid credentials" finished-at="2022-03-06T11:39:43Z">
          <reporter-output>
          </reporter-output>
        </test-method> <!-- inValidLogin -->
        <test-method status="PASS" signature="validLogin()[pri:0, instance:com.aspire.test.LoginFeature_Test@417213]" name="validLogin" duration-ms="6299" started-at="2022-03-06T11:39:44Z" description="Test to Validate Successful login Sceanrio with valid credentials" finished-at="2022-03-06T11:39:50Z">
          <reporter-output>
          </reporter-output>
        </test-method> <!-- validLogin -->
        <test-method status="PASS" signature="validLoginLogout()[pri:0, instance:com.aspire.test.LoginFeature_Test@417213]" name="validLoginLogout" duration-ms="3103" started-at="2022-03-06T11:39:51Z" description="Test to Validate that after logout page not taking to Home page" finished-at="2022-03-06T11:39:54Z">
          <reporter-output>
          </reporter-output>
        </test-method> <!-- validLoginLogout -->
        <test-method status="PASS" signature="tearDownTest()[pri:0, instance:com.aspire.test.LoginFeature_Test@417213]" name="tearDownTest" is-config="true" duration-ms="665" started-at="2022-03-06T11:39:54Z" finished-at="2022-03-06T11:39:55Z">
          <reporter-output>
          </reporter-output>
        </test-method> <!-- tearDownTest -->
      </class> <!-- com.aspire.test.LoginFeature_Test -->
      <class name="com.aspire.test.ManufacturingFeature_Test">
        <test-method status="PASS" signature="initTest()[pri:0, instance:com.aspire.test.ManufacturingFeature_Test@b7a896]" name="initTest" is-config="true" duration-ms="4907" started-at="2022-03-06T11:39:37Z" finished-at="2022-03-06T11:39:42Z">
          <reporter-output>
          </reporter-output>
        </test-method> <!-- initTest -->
        <test-method status="PASS" signature="createManufaturing()[pri:0, instance:com.aspire.test.ManufacturingFeature_Test@b7a896]" name="createManufaturing" duration-ms="15555" started-at="2022-03-06T11:39:42Z" description="Test to Create Manufacturing record with Product" finished-at="2022-03-06T11:39:57Z">
          <reporter-output>
          </reporter-output>
        </test-method> <!-- createManufaturing -->
        <test-method status="PASS" signature="tearDownTest()[pri:0, instance:com.aspire.test.ManufacturingFeature_Test@b7a896]" name="tearDownTest" is-config="true" duration-ms="628" started-at="2022-03-06T11:39:58Z" finished-at="2022-03-06T11:39:58Z">
          <reporter-output>
          </reporter-output>
        </test-method> <!-- tearDownTest -->
      </class> <!-- com.aspire.test.ManufacturingFeature_Test -->
    </test> <!-- Test -->
  </suite> <!-- Aspire_Automation_Suite -->
</testng-results>
