<?xml version="1.0" encoding="UTF-8"?>
<testng-results ignored="0" total="1" passed="1" failed="0" skipped="0">
  <reporter-output>
  </reporter-output>
  <suite started-at="2022-03-05T10:44:30Z" name="Default suite" finished-at="2022-03-05T10:44:42Z" duration-ms="11731">
    <groups>
    </groups>
    <test started-at="2022-03-05T10:44:30Z" name="Default test" finished-at="2022-03-05T10:44:42Z" duration-ms="11731">
      <class name="com.aspire.test.ManufacturingFeature_Test">
        <test-method is-config="true" signature="initTest()[pri:0, instance:com.aspire.test.ManufacturingFeature_Test@43b9fd5]" started-at="2022-03-05T10:44:27Z" name="initTest" finished-at="2022-03-05T10:44:30Z" duration-ms="2860" status="PASS">
          <reporter-output>
          </reporter-output>
        </test-method> <!-- initTest -->
        <test-method signature="createInventory()[pri:0, instance:com.aspire.test.ManufacturingFeature_Test@43b9fd5]" started-at="2022-03-05T10:44:30Z" name="createInventory" description="Test to Create Inventory with Qunatity greater than 10" finished-at="2022-03-05T10:44:42Z" duration-ms="11717" status="PASS">
          <reporter-output>
          </reporter-output>
        </test-method> <!-- createInventory -->
        <test-method is-config="true" signature="tearDownTest()[pri:0, instance:com.aspire.test.ManufacturingFeature_Test@43b9fd5]" started-at="2022-03-05T10:44:42Z" name="tearDownTest" finished-at="2022-03-05T10:44:42Z" duration-ms="121" status="PASS">
          <reporter-output>
          </reporter-output>
        </test-method> <!-- tearDownTest -->
      </class> <!-- com.aspire.test.ManufacturingFeature_Test -->
    </test> <!-- Default test -->
  </suite> <!-- Default suite -->
</testng-results>
