<?xml version="1.0" encoding="UTF-8"?>
<!-- Generated by org.testng.reporters.JUnitXMLReporter -->
<testsuite hostname="LAPTOP-B81G2UPP" ignored="2" name="Test" tests="8" failures="0" timestamp="06 Mar 2022 11:40:54 GMT" time="76.299" errors="0">
  <testcase name="inValidLogin" time="1.317" classname="com.aspire.test.LoginFeature_Test"/>
  <testcase name="validLogin" time="6.299" classname="com.aspire.test.LoginFeature_Test"/>
  <testcase name="validLoginLogout" time="3.103" classname="com.aspire.test.LoginFeature_Test"/>
  <testcase name="createManufaturing" time="15.555" classname="com.aspire.test.ManufacturingFeature_Test"/>
  <testcase name="createInventory" time="19.385" classname="com.aspire.test.InventoryFeature_Test"/>
  <testcase name="createInventory" time="13.182" classname="com.aspire.test.InventoryFeature_Test"/>
  <testcase name="createInventory" time="12.978" classname="com.aspire.test.InventoryFeature_Test"/>
  <testcase name="createInventory" time="22.899" classname="com.aspire.test.InventoryFeature_Test"/>
  <testcase name="@BeforeSuite globalSetup" time="0.0" classname="com.aspire.base.BaseTest">
    <ignored/>
  </testcase> <!-- @BeforeSuite globalSetup -->
  <testcase name="@BeforeSuite globalSetup" time="0.0" classname="com.aspire.base.BaseTest">
    <ignored/>
  </testcase> <!-- @BeforeSuite globalSetup -->
</testsuite> <!-- Test -->
